ISim log file
Running: H:\Desktop\cse260\lab5\topDDR_isim_beh.exe -intstyle ise -gui -tclbatch isim.cmd -wdb H:/Desktop/cse260/lab5/topDDR_isim_beh.wdb 
ISim P.20131013 (signature 0x7708f090)
This is a Full version of ISim.
Time resolution is 1 ps
# onerror resume
# wave add /
# run 1000 ns
Simulator is doing circuit initialization process.
at 0 ps, Instance /topddr/beatM/ : Warning: There is an 'U'|'X'|'W'|'Z'|'-' in an arithmetic operand, the result will be 'X'(es).
Finished circuit initialization process.
# isim force add /topddr/mclk 1 -radix bin -value 0 -radix bin -time 5 ns -repeat 10 ns
# isim force add /topddr/mclk 1 -radix bin -value 0 -radix bin -time 5 ns -repeat 10 ns
# restart
# run 1.00us
Simulator is doing circuit initialization process.
Finished circuit initialization process.
# isim force add /topddr/mclk 1 -radix bin -value 0 -radix bin -time 5 ns -repeat 10 ns
# isim force add /topddr/mclk 1 -radix bin -value 0 -radix bin -time 5 ns -repeat 10 ns
# isim force add /topddr/mclk 1 -radix bin -value 0 -radix bin -time 5 ns -repeat 10 ns
# isim force add /topddr/mclk 1 -radix bin -value 0 -radix bin -time 5 ns -repeat 10 ns
# run all
Stopped at time : 65876270 ns : File "//warehouse2.seasad.wustl.edu/home/ayekedavidr/Desktop/cse260/lab5/scoreKeeper.vhd" Line 69
ISim P.20131013 (signature 0x7708f090)
This is a Full version of ISim.
# run 1000 ns
Simulator is doing circuit initialization process.
at 0 ps, Instance /topddr/beatM/ : Warning: There is an 'U'|'X'|'W'|'Z'|'-' in an arithmetic operand, the result will be 'X'(es).
Finished circuit initialization process.
# isim force add /topddr/mclk 1 -radix bin -value 0 -radix bin -time 5 ns -repeat 10 ns
# isim force add /topddr/mclk 1 -radix bin -value 0 -radix bin -time 5 ns -repeat 10 ns
# run 1.00us
# run 1.00us
# run all
Stopped at time : 62003235 ns : File "//warehouse2.seasad.wustl.edu/home/ayekedavidr/Desktop/cse260/lab5/SupportDDR.vhd" Line 226
